**************************************************************************************************************************
 日志时间 ： 2022-05-12 10:18:35.8366 
 日志来源 ： Quartz.Simpl.TaskSchedulingThreadPool 
 日志级别 ： DEBUG 
 日志内容 ： TaskSchedulingThreadPool configured with max concurrency of 10 and TaskScheduler ThreadPoolTaskScheduler.

**************************************************************************************************************************
 日志时间 ： 2022-05-12 10:18:36.6967 
 日志来源 ： Quartz.Core.QuartzSchedulerThread 
 日志级别 ： DEBUG 
 日志内容 ： Batch acquisition of 0 triggers

**************************************************************************************************************************
 日志时间 ： 2022-05-12 10:18:36.7197 
 日志来源 ： Quartz.Core.QuartzSchedulerThread 
 日志级别 ： DEBUG 
 日志内容 ： Batch acquisition of 1 triggers

**************************************************************************************************************************
 日志时间 ： 2022-05-12 10:18:36.7336 
 日志来源 ： Quartz.Core.QuartzSchedulerThread 
 日志级别 ： DEBUG 
 日志内容 ： Batch acquisition of 1 triggers

**************************************************************************************************************************
 日志时间 ： 2022-05-12 10:18:36.7802 
 日志来源 ： Quartz.Core.JobRunShell 
 日志级别 ： DEBUG 
 日志内容 ： Calling Execute on job 测试.E29F2D63-B1B0-4CE6-9CDC-A5F86C52B887

**************************************************************************************************************************
 日志时间 ： 2022-05-12 10:18:37.1624 
 日志来源 ： Quartz.Core.JobRunShell 
 日志级别 ： DEBUG 
 日志内容 ： Trigger instruction : NoInstruction

**************************************************************************************************************************
 日志时间 ： 2022-05-12 10:19:26.7444 
 日志来源 ： Quartz.Simpl.TaskSchedulingThreadPool 
 日志级别 ： DEBUG 
 日志内容 ： TaskSchedulingThreadPool configured with max concurrency of 10 and TaskScheduler ThreadPoolTaskScheduler.

**************************************************************************************************************************
 日志时间 ： 2022-05-12 10:19:27.3200 
 日志来源 ： Quartz.Core.QuartzSchedulerThread 
 日志级别 ： DEBUG 
 日志内容 ： Batch acquisition of 0 triggers

**************************************************************************************************************************
 日志时间 ： 2022-05-12 10:19:27.3571 
 日志来源 ： Quartz.Core.QuartzSchedulerThread 
 日志级别 ： DEBUG 
 日志内容 ： Batch acquisition of 1 triggers

**************************************************************************************************************************
 日志时间 ： 2022-05-12 10:19:27.3777 
 日志来源 ： Quartz.Core.QuartzSchedulerThread 
 日志级别 ： DEBUG 
 日志内容 ： Batch acquisition of 1 triggers

**************************************************************************************************************************
 日志时间 ： 2022-05-12 10:19:27.4315 
 日志来源 ： Quartz.Core.JobRunShell 
 日志级别 ： DEBUG 
 日志内容 ： Calling Execute on job 测试.E29F2D63-B1B0-4CE6-9CDC-A5F86C52B887

**************************************************************************************************************************
 日志时间 ： 2022-05-12 10:19:27.7515 
 日志来源 ： Quartz.Core.JobRunShell 
 日志级别 ： DEBUG 
 日志内容 ： Trigger instruction : NoInstruction

**************************************************************************************************************************
 日志时间 ： 2022-05-12 10:19:30.0072 
 日志来源 ： Quartz.Core.QuartzSchedulerThread 
 日志级别 ： DEBUG 
 日志内容 ： Batch acquisition of 1 triggers

**************************************************************************************************************************
 日志时间 ： 2022-05-12 10:19:30.0072 
 日志来源 ： Quartz.Core.JobRunShell 
 日志级别 ： DEBUG 
 日志内容 ： Calling Execute on job 测试.E29F2D63-B1B0-4CE6-9CDC-A5F86C52B887

**************************************************************************************************************************
 日志时间 ： 2022-05-12 10:19:30.0419 
 日志来源 ： Quartz.Core.JobRunShell 
 日志级别 ： DEBUG 
 日志内容 ： Trigger instruction : NoInstruction

**************************************************************************************************************************
 日志时间 ： 2022-05-12 10:19:40.0027 
 日志来源 ： Quartz.Core.JobRunShell 
 日志级别 ： DEBUG 
 日志内容 ： Calling Execute on job 测试.E29F2D63-B1B0-4CE6-9CDC-A5F86C52B887

**************************************************************************************************************************
 日志时间 ： 2022-05-12 10:19:40.0027 
 日志来源 ： Quartz.Core.QuartzSchedulerThread 
 日志级别 ： DEBUG 
 日志内容 ： Batch acquisition of 1 triggers

**************************************************************************************************************************
 日志时间 ： 2022-05-12 10:19:40.0472 
 日志来源 ： Quartz.Core.JobRunShell 
 日志级别 ： DEBUG 
 日志内容 ： Trigger instruction : NoInstruction

**************************************************************************************************************************
 日志时间 ： 2022-05-12 10:19:50.0037 
 日志来源 ： Quartz.Core.QuartzSchedulerThread 
 日志级别 ： DEBUG 
 日志内容 ： Batch acquisition of 1 triggers

**************************************************************************************************************************
 日志时间 ： 2022-05-12 10:19:50.0037 
 日志来源 ： Quartz.Core.JobRunShell 
 日志级别 ： DEBUG 
 日志内容 ： Calling Execute on job 测试.E29F2D63-B1B0-4CE6-9CDC-A5F86C52B887

**************************************************************************************************************************
 日志时间 ： 2022-05-12 10:19:50.0429 
 日志来源 ： Quartz.Core.JobRunShell 
 日志级别 ： DEBUG 
 日志内容 ： Trigger instruction : NoInstruction

**************************************************************************************************************************
 日志时间 ： 2022-05-12 10:20:00.0012 
 日志来源 ： Quartz.Core.QuartzSchedulerThread 
 日志级别 ： DEBUG 
 日志内容 ： Batch acquisition of 1 triggers

**************************************************************************************************************************
 日志时间 ： 2022-05-12 10:20:00.0012 
 日志来源 ： Quartz.Core.JobRunShell 
 日志级别 ： DEBUG 
 日志内容 ： Calling Execute on job 测试.E29F2D63-B1B0-4CE6-9CDC-A5F86C52B887

**************************************************************************************************************************
 日志时间 ： 2022-05-12 10:20:00.0481 
 日志来源 ： Quartz.Core.JobRunShell 
 日志级别 ： DEBUG 
 日志内容 ： Trigger instruction : NoInstruction

**************************************************************************************************************************
 日志时间 ： 2022-05-12 10:20:10.0040 
 日志来源 ： Quartz.Core.QuartzSchedulerThread 
 日志级别 ： DEBUG 
 日志内容 ： Batch acquisition of 1 triggers

**************************************************************************************************************************
 日志时间 ： 2022-05-12 10:20:10.0040 
 日志来源 ： Quartz.Core.JobRunShell 
 日志级别 ： DEBUG 
 日志内容 ： Calling Execute on job 测试.E29F2D63-B1B0-4CE6-9CDC-A5F86C52B887

**************************************************************************************************************************
 日志时间 ： 2022-05-12 10:20:10.0417 
 日志来源 ： Quartz.Core.JobRunShell 
 日志级别 ： DEBUG 
 日志内容 ： Trigger instruction : NoInstruction

**************************************************************************************************************************
 日志时间 ： 2022-05-12 10:20:20.0045 
 日志来源 ： Quartz.Core.QuartzSchedulerThread 
 日志级别 ： DEBUG 
 日志内容 ： Batch acquisition of 1 triggers

**************************************************************************************************************************
 日志时间 ： 2022-05-12 10:20:20.0045 
 日志来源 ： Quartz.Core.JobRunShell 
 日志级别 ： DEBUG 
 日志内容 ： Calling Execute on job 测试.E29F2D63-B1B0-4CE6-9CDC-A5F86C52B887

**************************************************************************************************************************
 日志时间 ： 2022-05-12 10:20:20.0410 
 日志来源 ： Quartz.Core.JobRunShell 
 日志级别 ： DEBUG 
 日志内容 ： Trigger instruction : NoInstruction

**************************************************************************************************************************
 日志时间 ： 2022-05-12 10:20:30.0024 
 日志来源 ： Quartz.Core.JobRunShell 
 日志级别 ： DEBUG 
 日志内容 ： Calling Execute on job 测试.E29F2D63-B1B0-4CE6-9CDC-A5F86C52B887

**************************************************************************************************************************
 日志时间 ： 2022-05-12 10:20:30.0024 
 日志来源 ： Quartz.Core.QuartzSchedulerThread 
 日志级别 ： DEBUG 
 日志内容 ： Batch acquisition of 1 triggers

**************************************************************************************************************************
 日志时间 ： 2022-05-12 10:20:30.0386 
 日志来源 ： Quartz.Core.JobRunShell 
 日志级别 ： DEBUG 
 日志内容 ： Trigger instruction : NoInstruction

**************************************************************************************************************************
 日志时间 ： 2022-05-12 10:20:40.0017 
 日志来源 ： Quartz.Core.QuartzSchedulerThread 
 日志级别 ： DEBUG 
 日志内容 ： Batch acquisition of 1 triggers

**************************************************************************************************************************
 日志时间 ： 2022-05-12 10:20:40.0017 
 日志来源 ： Quartz.Core.JobRunShell 
 日志级别 ： DEBUG 
 日志内容 ： Calling Execute on job 测试.E29F2D63-B1B0-4CE6-9CDC-A5F86C52B887

**************************************************************************************************************************
 日志时间 ： 2022-05-12 10:20:40.0399 
 日志来源 ： Quartz.Core.JobRunShell 
 日志级别 ： DEBUG 
 日志内容 ： Trigger instruction : NoInstruction

**************************************************************************************************************************
 日志时间 ： 2022-05-12 10:20:50.0003 
 日志来源 ： Quartz.Core.QuartzSchedulerThread 
 日志级别 ： DEBUG 
 日志内容 ： Batch acquisition of 1 triggers

**************************************************************************************************************************
 日志时间 ： 2022-05-12 10:20:50.0003 
 日志来源 ： Quartz.Core.JobRunShell 
 日志级别 ： DEBUG 
 日志内容 ： Calling Execute on job 测试.E29F2D63-B1B0-4CE6-9CDC-A5F86C52B887

**************************************************************************************************************************
 日志时间 ： 2022-05-12 10:20:50.0371 
 日志来源 ： Quartz.Core.JobRunShell 
 日志级别 ： DEBUG 
 日志内容 ： Trigger instruction : NoInstruction

**************************************************************************************************************************
 日志时间 ： 2022-05-12 10:21:00.0026 
 日志来源 ： Quartz.Core.QuartzSchedulerThread 
 日志级别 ： DEBUG 
 日志内容 ： Batch acquisition of 1 triggers

**************************************************************************************************************************
 日志时间 ： 2022-05-12 10:21:00.0026 
 日志来源 ： Quartz.Core.JobRunShell 
 日志级别 ： DEBUG 
 日志内容 ： Calling Execute on job 测试.E29F2D63-B1B0-4CE6-9CDC-A5F86C52B887

**************************************************************************************************************************
 日志时间 ： 2022-05-12 10:21:00.0367 
 日志来源 ： Quartz.Core.JobRunShell 
 日志级别 ： DEBUG 
 日志内容 ： Trigger instruction : NoInstruction

**************************************************************************************************************************
 日志时间 ： 2022-05-12 10:21:12.6156 
 日志来源 ： Quartz.Core.JobRunShell 
 日志级别 ： DEBUG 
 日志内容 ： Calling Execute on job 测试.E29F2D63-B1B0-4CE6-9CDC-A5F86C52B887

**************************************************************************************************************************
 日志时间 ： 2022-05-12 10:21:12.6156 
 日志来源 ： Quartz.Core.QuartzSchedulerThread 
 日志级别 ： DEBUG 
 日志内容 ： Batch acquisition of 1 triggers

**************************************************************************************************************************
 日志时间 ： 2022-05-12 10:21:15.6580 
 日志来源 ： Quartz.Core.JobRunShell 
 日志级别 ： DEBUG 
 日志内容 ： Trigger instruction : NoInstruction

**************************************************************************************************************************
 日志时间 ： 2022-05-12 10:21:20.0887 
 日志来源 ： Quartz.Core.QuartzSchedulerThread 
 日志级别 ： DEBUG 
 日志内容 ： Batch acquisition of 1 triggers

**************************************************************************************************************************
 日志时间 ： 2022-05-12 10:21:20.0887 
 日志来源 ： Quartz.Core.JobRunShell 
 日志级别 ： DEBUG 
 日志内容 ： Calling Execute on job 测试.E29F2D63-B1B0-4CE6-9CDC-A5F86C52B887

**************************************************************************************************************************
 日志时间 ： 2022-05-12 10:21:20.1171 
 日志来源 ： Quartz.Core.JobRunShell 
 日志级别 ： DEBUG 
 日志内容 ： Trigger instruction : NoInstruction

**************************************************************************************************************************
 日志时间 ： 2022-05-12 10:21:30.0013 
 日志来源 ： Quartz.Core.QuartzSchedulerThread 
 日志级别 ： DEBUG 
 日志内容 ： Batch acquisition of 1 triggers

**************************************************************************************************************************
 日志时间 ： 2022-05-12 10:21:30.0013 
 日志来源 ： Quartz.Core.JobRunShell 
 日志级别 ： DEBUG 
 日志内容 ： Calling Execute on job 测试.E29F2D63-B1B0-4CE6-9CDC-A5F86C52B887

**************************************************************************************************************************
 日志时间 ： 2022-05-12 10:21:30.0381 
 日志来源 ： Quartz.Core.JobRunShell 
 日志级别 ： DEBUG 
 日志内容 ： Trigger instruction : NoInstruction

**************************************************************************************************************************
 日志时间 ： 2022-05-12 10:21:40.0018 
 日志来源 ： Quartz.Core.QuartzSchedulerThread 
 日志级别 ： DEBUG 
 日志内容 ： Batch acquisition of 1 triggers

**************************************************************************************************************************
 日志时间 ： 2022-05-12 10:21:40.0018 
 日志来源 ： Quartz.Core.JobRunShell 
 日志级别 ： DEBUG 
 日志内容 ： Calling Execute on job 测试.E29F2D63-B1B0-4CE6-9CDC-A5F86C52B887

**************************************************************************************************************************
 日志时间 ： 2022-05-12 10:21:40.0393 
 日志来源 ： Quartz.Core.JobRunShell 
 日志级别 ： DEBUG 
 日志内容 ： Trigger instruction : NoInstruction

**************************************************************************************************************************
 日志时间 ： 2022-05-12 10:21:50.0012 
 日志来源 ： Quartz.Core.JobRunShell 
 日志级别 ： DEBUG 
 日志内容 ： Calling Execute on job 测试.E29F2D63-B1B0-4CE6-9CDC-A5F86C52B887

**************************************************************************************************************************
 日志时间 ： 2022-05-12 10:21:50.0012 
 日志来源 ： Quartz.Core.QuartzSchedulerThread 
 日志级别 ： DEBUG 
 日志内容 ： Batch acquisition of 1 triggers

**************************************************************************************************************************
 日志时间 ： 2022-05-12 10:21:50.0407 
 日志来源 ： Quartz.Core.JobRunShell 
 日志级别 ： DEBUG 
 日志内容 ： Trigger instruction : NoInstruction

**************************************************************************************************************************
 日志时间 ： 2022-05-12 10:22:00.0008 
 日志来源 ： Quartz.Core.JobRunShell 
 日志级别 ： DEBUG 
 日志内容 ： Calling Execute on job 测试.E29F2D63-B1B0-4CE6-9CDC-A5F86C52B887

**************************************************************************************************************************
 日志时间 ： 2022-05-12 10:22:00.0008 
 日志来源 ： Quartz.Core.QuartzSchedulerThread 
 日志级别 ： DEBUG 
 日志内容 ： Batch acquisition of 1 triggers

**************************************************************************************************************************
 日志时间 ： 2022-05-12 10:22:00.0426 
 日志来源 ： Quartz.Core.JobRunShell 
 日志级别 ： DEBUG 
 日志内容 ： Trigger instruction : NoInstruction

**************************************************************************************************************************
 日志时间 ： 2022-05-12 10:22:10.0022 
 日志来源 ： Quartz.Core.JobRunShell 
 日志级别 ： DEBUG 
 日志内容 ： Calling Execute on job 测试.E29F2D63-B1B0-4CE6-9CDC-A5F86C52B887

**************************************************************************************************************************
 日志时间 ： 2022-05-12 10:22:10.0022 
 日志来源 ： Quartz.Core.QuartzSchedulerThread 
 日志级别 ： DEBUG 
 日志内容 ： Batch acquisition of 1 triggers

**************************************************************************************************************************
 日志时间 ： 2022-05-12 10:22:10.0373 
 日志来源 ： Quartz.Core.JobRunShell 
 日志级别 ： DEBUG 
 日志内容 ： Trigger instruction : NoInstruction

**************************************************************************************************************************
 日志时间 ： 2022-05-12 10:22:20.0033 
 日志来源 ： Quartz.Core.QuartzSchedulerThread 
 日志级别 ： DEBUG 
 日志内容 ： Batch acquisition of 1 triggers

**************************************************************************************************************************
 日志时间 ： 2022-05-12 10:22:20.0033 
 日志来源 ： Quartz.Core.JobRunShell 
 日志级别 ： DEBUG 
 日志内容 ： Calling Execute on job 测试.E29F2D63-B1B0-4CE6-9CDC-A5F86C52B887

**************************************************************************************************************************
 日志时间 ： 2022-05-12 10:22:20.0386 
 日志来源 ： Quartz.Core.JobRunShell 
 日志级别 ： DEBUG 
 日志内容 ： Trigger instruction : NoInstruction

**************************************************************************************************************************
 日志时间 ： 2022-05-12 10:22:30.0006 
 日志来源 ： Quartz.Core.JobRunShell 
 日志级别 ： DEBUG 
 日志内容 ： Calling Execute on job 测试.E29F2D63-B1B0-4CE6-9CDC-A5F86C52B887

**************************************************************************************************************************
 日志时间 ： 2022-05-12 10:22:30.0006 
 日志来源 ： Quartz.Core.QuartzSchedulerThread 
 日志级别 ： DEBUG 
 日志内容 ： Batch acquisition of 1 triggers

**************************************************************************************************************************
 日志时间 ： 2022-05-12 10:22:30.0384 
 日志来源 ： Quartz.Core.JobRunShell 
 日志级别 ： DEBUG 
 日志内容 ： Trigger instruction : NoInstruction

**************************************************************************************************************************
 日志时间 ： 2022-05-12 10:22:40.0030 
 日志来源 ： Quartz.Core.JobRunShell 
 日志级别 ： DEBUG 
 日志内容 ： Calling Execute on job 测试.E29F2D63-B1B0-4CE6-9CDC-A5F86C52B887

**************************************************************************************************************************
 日志时间 ： 2022-05-12 10:22:40.0030 
 日志来源 ： Quartz.Core.QuartzSchedulerThread 
 日志级别 ： DEBUG 
 日志内容 ： Batch acquisition of 1 triggers

**************************************************************************************************************************
 日志时间 ： 2022-05-12 10:22:40.0434 
 日志来源 ： Quartz.Core.JobRunShell 
 日志级别 ： DEBUG 
 日志内容 ： Trigger instruction : NoInstruction

**************************************************************************************************************************
 日志时间 ： 2022-05-12 10:22:50.0003 
 日志来源 ： Quartz.Core.QuartzSchedulerThread 
 日志级别 ： DEBUG 
 日志内容 ： Batch acquisition of 1 triggers

**************************************************************************************************************************
 日志时间 ： 2022-05-12 10:22:50.0003 
 日志来源 ： Quartz.Core.JobRunShell 
 日志级别 ： DEBUG 
 日志内容 ： Calling Execute on job 测试.E29F2D63-B1B0-4CE6-9CDC-A5F86C52B887

**************************************************************************************************************************
 日志时间 ： 2022-05-12 10:22:50.0363 
 日志来源 ： Quartz.Core.JobRunShell 
 日志级别 ： DEBUG 
 日志内容 ： Trigger instruction : NoInstruction

**************************************************************************************************************************
 日志时间 ： 2022-05-12 10:23:00.0024 
 日志来源 ： Quartz.Core.JobRunShell 
 日志级别 ： DEBUG 
 日志内容 ： Calling Execute on job 测试.E29F2D63-B1B0-4CE6-9CDC-A5F86C52B887

**************************************************************************************************************************
 日志时间 ： 2022-05-12 10:23:00.0024 
 日志来源 ： Quartz.Core.QuartzSchedulerThread 
 日志级别 ： DEBUG 
 日志内容 ： Batch acquisition of 1 triggers

**************************************************************************************************************************
 日志时间 ： 2022-05-12 10:23:00.0730 
 日志来源 ： Quartz.Core.JobRunShell 
 日志级别 ： DEBUG 
 日志内容 ： Trigger instruction : NoInstruction

**************************************************************************************************************************
 日志时间 ： 2022-05-12 10:23:10.0007 
 日志来源 ： Quartz.Core.QuartzSchedulerThread 
 日志级别 ： DEBUG 
 日志内容 ： Batch acquisition of 1 triggers

**************************************************************************************************************************
 日志时间 ： 2022-05-12 10:23:10.0007 
 日志来源 ： Quartz.Core.JobRunShell 
 日志级别 ： DEBUG 
 日志内容 ： Calling Execute on job 测试.E29F2D63-B1B0-4CE6-9CDC-A5F86C52B887

**************************************************************************************************************************
 日志时间 ： 2022-05-12 10:23:10.0529 
 日志来源 ： Quartz.Core.JobRunShell 
 日志级别 ： DEBUG 
 日志内容 ： Trigger instruction : NoInstruction

**************************************************************************************************************************
 日志时间 ： 2022-05-12 10:23:20.0079 
 日志来源 ： Quartz.Core.QuartzSchedulerThread 
 日志级别 ： DEBUG 
 日志内容 ： Batch acquisition of 1 triggers

**************************************************************************************************************************
 日志时间 ： 2022-05-12 10:23:20.0079 
 日志来源 ： Quartz.Core.JobRunShell 
 日志级别 ： DEBUG 
 日志内容 ： Calling Execute on job 测试.E29F2D63-B1B0-4CE6-9CDC-A5F86C52B887

**************************************************************************************************************************
 日志时间 ： 2022-05-12 10:23:20.0381 
 日志来源 ： Quartz.Core.JobRunShell 
 日志级别 ： DEBUG 
 日志内容 ： Trigger instruction : NoInstruction

**************************************************************************************************************************
 日志时间 ： 2022-05-12 10:23:30.0004 
 日志来源 ： Quartz.Core.JobRunShell 
 日志级别 ： DEBUG 
 日志内容 ： Calling Execute on job 测试.E29F2D63-B1B0-4CE6-9CDC-A5F86C52B887

**************************************************************************************************************************
 日志时间 ： 2022-05-12 10:23:30.0004 
 日志来源 ： Quartz.Core.QuartzSchedulerThread 
 日志级别 ： DEBUG 
 日志内容 ： Batch acquisition of 1 triggers

**************************************************************************************************************************
 日志时间 ： 2022-05-12 10:23:30.0481 
 日志来源 ： Quartz.Core.JobRunShell 
 日志级别 ： DEBUG 
 日志内容 ： Trigger instruction : NoInstruction

**************************************************************************************************************************
 日志时间 ： 2022-05-12 10:23:40.0004 
 日志来源 ： Quartz.Core.QuartzSchedulerThread 
 日志级别 ： DEBUG 
 日志内容 ： Batch acquisition of 1 triggers

**************************************************************************************************************************
 日志时间 ： 2022-05-12 10:23:40.0004 
 日志来源 ： Quartz.Core.JobRunShell 
 日志级别 ： DEBUG 
 日志内容 ： Calling Execute on job 测试.E29F2D63-B1B0-4CE6-9CDC-A5F86C52B887

**************************************************************************************************************************
 日志时间 ： 2022-05-12 10:23:40.0385 
 日志来源 ： Quartz.Core.JobRunShell 
 日志级别 ： DEBUG 
 日志内容 ： Trigger instruction : NoInstruction

**************************************************************************************************************************
 日志时间 ： 2022-05-12 10:23:50.0012 
 日志来源 ： Quartz.Core.QuartzSchedulerThread 
 日志级别 ： DEBUG 
 日志内容 ： Batch acquisition of 1 triggers

**************************************************************************************************************************
 日志时间 ： 2022-05-12 10:23:50.0012 
 日志来源 ： Quartz.Core.JobRunShell 
 日志级别 ： DEBUG 
 日志内容 ： Calling Execute on job 测试.E29F2D63-B1B0-4CE6-9CDC-A5F86C52B887

**************************************************************************************************************************
 日志时间 ： 2022-05-12 10:23:50.0395 
 日志来源 ： Quartz.Core.JobRunShell 
 日志级别 ： DEBUG 
 日志内容 ： Trigger instruction : NoInstruction

**************************************************************************************************************************
 日志时间 ： 2022-05-12 10:24:00.0022 
 日志来源 ： Quartz.Core.JobRunShell 
 日志级别 ： DEBUG 
 日志内容 ： Calling Execute on job 测试.E29F2D63-B1B0-4CE6-9CDC-A5F86C52B887

**************************************************************************************************************************
 日志时间 ： 2022-05-12 10:24:00.0022 
 日志来源 ： Quartz.Core.QuartzSchedulerThread 
 日志级别 ： DEBUG 
 日志内容 ： Batch acquisition of 1 triggers

**************************************************************************************************************************
 日志时间 ： 2022-05-12 10:24:00.0396 
 日志来源 ： Quartz.Core.JobRunShell 
 日志级别 ： DEBUG 
 日志内容 ： Trigger instruction : NoInstruction

**************************************************************************************************************************
 日志时间 ： 2022-05-12 10:24:10.0004 
 日志来源 ： Quartz.Core.QuartzSchedulerThread 
 日志级别 ： DEBUG 
 日志内容 ： Batch acquisition of 1 triggers

**************************************************************************************************************************
 日志时间 ： 2022-05-12 10:24:10.0004 
 日志来源 ： Quartz.Core.JobRunShell 
 日志级别 ： DEBUG 
 日志内容 ： Calling Execute on job 测试.E29F2D63-B1B0-4CE6-9CDC-A5F86C52B887

**************************************************************************************************************************
 日志时间 ： 2022-05-12 10:24:10.0566 
 日志来源 ： Quartz.Core.JobRunShell 
 日志级别 ： DEBUG 
 日志内容 ： Trigger instruction : NoInstruction

**************************************************************************************************************************
 日志时间 ： 2022-05-12 10:24:20.0016 
 日志来源 ： Quartz.Core.JobRunShell 
 日志级别 ： DEBUG 
 日志内容 ： Calling Execute on job 测试.E29F2D63-B1B0-4CE6-9CDC-A5F86C52B887

**************************************************************************************************************************
 日志时间 ： 2022-05-12 10:24:20.0016 
 日志来源 ： Quartz.Core.QuartzSchedulerThread 
 日志级别 ： DEBUG 
 日志内容 ： Batch acquisition of 1 triggers

**************************************************************************************************************************
 日志时间 ： 2022-05-12 10:24:20.0373 
 日志来源 ： Quartz.Core.JobRunShell 
 日志级别 ： DEBUG 
 日志内容 ： Trigger instruction : NoInstruction

**************************************************************************************************************************
 日志时间 ： 2022-05-12 10:24:30.0004 
 日志来源 ： Quartz.Core.JobRunShell 
 日志级别 ： DEBUG 
 日志内容 ： Calling Execute on job 测试.E29F2D63-B1B0-4CE6-9CDC-A5F86C52B887

**************************************************************************************************************************
 日志时间 ： 2022-05-12 10:24:30.0004 
 日志来源 ： Quartz.Core.QuartzSchedulerThread 
 日志级别 ： DEBUG 
 日志内容 ： Batch acquisition of 1 triggers

**************************************************************************************************************************
 日志时间 ： 2022-05-12 10:24:30.0427 
 日志来源 ： Quartz.Core.JobRunShell 
 日志级别 ： DEBUG 
 日志内容 ： Trigger instruction : NoInstruction

**************************************************************************************************************************
 日志时间 ： 2022-05-12 10:24:40.0005 
 日志来源 ： Quartz.Core.JobRunShell 
 日志级别 ： DEBUG 
 日志内容 ： Calling Execute on job 测试.E29F2D63-B1B0-4CE6-9CDC-A5F86C52B887

**************************************************************************************************************************
 日志时间 ： 2022-05-12 10:24:40.0005 
 日志来源 ： Quartz.Core.QuartzSchedulerThread 
 日志级别 ： DEBUG 
 日志内容 ： Batch acquisition of 1 triggers

**************************************************************************************************************************
 日志时间 ： 2022-05-12 10:24:40.0543 
 日志来源 ： Quartz.Core.JobRunShell 
 日志级别 ： DEBUG 
 日志内容 ： Trigger instruction : NoInstruction

**************************************************************************************************************************
 日志时间 ： 2022-05-12 10:24:50.0021 
 日志来源 ： Quartz.Core.JobRunShell 
 日志级别 ： DEBUG 
 日志内容 ： Calling Execute on job 测试.E29F2D63-B1B0-4CE6-9CDC-A5F86C52B887

**************************************************************************************************************************
 日志时间 ： 2022-05-12 10:24:50.0021 
 日志来源 ： Quartz.Core.QuartzSchedulerThread 
 日志级别 ： DEBUG 
 日志内容 ： Batch acquisition of 1 triggers

**************************************************************************************************************************
 日志时间 ： 2022-05-12 10:24:50.0390 
 日志来源 ： Quartz.Core.JobRunShell 
 日志级别 ： DEBUG 
 日志内容 ： Trigger instruction : NoInstruction

**************************************************************************************************************************
 日志时间 ： 2022-05-12 10:25:00.0026 
 日志来源 ： Quartz.Core.QuartzSchedulerThread 
 日志级别 ： DEBUG 
 日志内容 ： Batch acquisition of 1 triggers

**************************************************************************************************************************
 日志时间 ： 2022-05-12 10:25:00.0026 
 日志来源 ： Quartz.Core.JobRunShell 
 日志级别 ： DEBUG 
 日志内容 ： Calling Execute on job 测试.E29F2D63-B1B0-4CE6-9CDC-A5F86C52B887

**************************************************************************************************************************
 日志时间 ： 2022-05-12 10:25:00.0393 
 日志来源 ： Quartz.Core.JobRunShell 
 日志级别 ： DEBUG 
 日志内容 ： Trigger instruction : NoInstruction

**************************************************************************************************************************
 日志时间 ： 2022-05-12 10:25:10.0011 
 日志来源 ： Quartz.Core.JobRunShell 
 日志级别 ： DEBUG 
 日志内容 ： Calling Execute on job 测试.E29F2D63-B1B0-4CE6-9CDC-A5F86C52B887

**************************************************************************************************************************
 日志时间 ： 2022-05-12 10:25:10.0011 
 日志来源 ： Quartz.Core.QuartzSchedulerThread 
 日志级别 ： DEBUG 
 日志内容 ： Batch acquisition of 1 triggers

**************************************************************************************************************************
 日志时间 ： 2022-05-12 10:25:10.0403 
 日志来源 ： Quartz.Core.JobRunShell 
 日志级别 ： DEBUG 
 日志内容 ： Trigger instruction : NoInstruction

**************************************************************************************************************************
 日志时间 ： 2022-05-12 10:25:20.0020 
 日志来源 ： Quartz.Core.JobRunShell 
 日志级别 ： DEBUG 
 日志内容 ： Calling Execute on job 测试.E29F2D63-B1B0-4CE6-9CDC-A5F86C52B887

**************************************************************************************************************************
 日志时间 ： 2022-05-12 10:25:20.0020 
 日志来源 ： Quartz.Core.QuartzSchedulerThread 
 日志级别 ： DEBUG 
 日志内容 ： Batch acquisition of 1 triggers

**************************************************************************************************************************
 日志时间 ： 2022-05-12 10:25:20.0416 
 日志来源 ： Quartz.Core.JobRunShell 
 日志级别 ： DEBUG 
 日志内容 ： Trigger instruction : NoInstruction

**************************************************************************************************************************
 日志时间 ： 2022-05-12 10:25:30.0012 
 日志来源 ： Quartz.Core.JobRunShell 
 日志级别 ： DEBUG 
 日志内容 ： Calling Execute on job 测试.E29F2D63-B1B0-4CE6-9CDC-A5F86C52B887

**************************************************************************************************************************
 日志时间 ： 2022-05-12 10:25:30.0012 
 日志来源 ： Quartz.Core.QuartzSchedulerThread 
 日志级别 ： DEBUG 
 日志内容 ： Batch acquisition of 1 triggers

**************************************************************************************************************************
 日志时间 ： 2022-05-12 10:25:30.0405 
 日志来源 ： Quartz.Core.JobRunShell 
 日志级别 ： DEBUG 
 日志内容 ： Trigger instruction : NoInstruction

**************************************************************************************************************************
 日志时间 ： 2022-05-12 10:25:40.0003 
 日志来源 ： Quartz.Core.JobRunShell 
 日志级别 ： DEBUG 
 日志内容 ： Calling Execute on job 测试.E29F2D63-B1B0-4CE6-9CDC-A5F86C52B887

**************************************************************************************************************************
 日志时间 ： 2022-05-12 10:25:40.0003 
 日志来源 ： Quartz.Core.QuartzSchedulerThread 
 日志级别 ： DEBUG 
 日志内容 ： Batch acquisition of 1 triggers

**************************************************************************************************************************
 日志时间 ： 2022-05-12 10:25:40.0408 
 日志来源 ： Quartz.Core.JobRunShell 
 日志级别 ： DEBUG 
 日志内容 ： Trigger instruction : NoInstruction

**************************************************************************************************************************
 日志时间 ： 2022-05-12 10:25:50.0014 
 日志来源 ： Quartz.Core.JobRunShell 
 日志级别 ： DEBUG 
 日志内容 ： Calling Execute on job 测试.E29F2D63-B1B0-4CE6-9CDC-A5F86C52B887

**************************************************************************************************************************
 日志时间 ： 2022-05-12 10:25:50.0014 
 日志来源 ： Quartz.Core.QuartzSchedulerThread 
 日志级别 ： DEBUG 
 日志内容 ： Batch acquisition of 1 triggers

**************************************************************************************************************************
 日志时间 ： 2022-05-12 10:25:50.0375 
 日志来源 ： Quartz.Core.JobRunShell 
 日志级别 ： DEBUG 
 日志内容 ： Trigger instruction : NoInstruction

**************************************************************************************************************************
 日志时间 ： 2022-05-12 10:26:00.0010 
 日志来源 ： Quartz.Core.QuartzSchedulerThread 
 日志级别 ： DEBUG 
 日志内容 ： Batch acquisition of 1 triggers

**************************************************************************************************************************
 日志时间 ： 2022-05-12 10:26:00.0010 
 日志来源 ： Quartz.Core.JobRunShell 
 日志级别 ： DEBUG 
 日志内容 ： Calling Execute on job 测试.E29F2D63-B1B0-4CE6-9CDC-A5F86C52B887

**************************************************************************************************************************
 日志时间 ： 2022-05-12 10:26:00.0416 
 日志来源 ： Quartz.Core.JobRunShell 
 日志级别 ： DEBUG 
 日志内容 ： Trigger instruction : NoInstruction

**************************************************************************************************************************
 日志时间 ： 2022-05-12 10:26:10.0008 
 日志来源 ： Quartz.Core.JobRunShell 
 日志级别 ： DEBUG 
 日志内容 ： Calling Execute on job 测试.E29F2D63-B1B0-4CE6-9CDC-A5F86C52B887

**************************************************************************************************************************
 日志时间 ： 2022-05-12 10:26:10.0008 
 日志来源 ： Quartz.Core.QuartzSchedulerThread 
 日志级别 ： DEBUG 
 日志内容 ： Batch acquisition of 1 triggers

**************************************************************************************************************************
 日志时间 ： 2022-05-12 10:26:10.0377 
 日志来源 ： Quartz.Core.JobRunShell 
 日志级别 ： DEBUG 
 日志内容 ： Trigger instruction : NoInstruction

**************************************************************************************************************************
 日志时间 ： 2022-05-12 10:26:20.0018 
 日志来源 ： Quartz.Core.JobRunShell 
 日志级别 ： DEBUG 
 日志内容 ： Calling Execute on job 测试.E29F2D63-B1B0-4CE6-9CDC-A5F86C52B887

**************************************************************************************************************************
 日志时间 ： 2022-05-12 10:26:20.0018 
 日志来源 ： Quartz.Core.QuartzSchedulerThread 
 日志级别 ： DEBUG 
 日志内容 ： Batch acquisition of 1 triggers

**************************************************************************************************************************
 日志时间 ： 2022-05-12 10:26:20.0420 
 日志来源 ： Quartz.Core.JobRunShell 
 日志级别 ： DEBUG 
 日志内容 ： Trigger instruction : NoInstruction

**************************************************************************************************************************
 日志时间 ： 2022-05-12 10:26:30.0017 
 日志来源 ： Quartz.Core.JobRunShell 
 日志级别 ： DEBUG 
 日志内容 ： Calling Execute on job 测试.E29F2D63-B1B0-4CE6-9CDC-A5F86C52B887

**************************************************************************************************************************
 日志时间 ： 2022-05-12 10:26:30.0017 
 日志来源 ： Quartz.Core.QuartzSchedulerThread 
 日志级别 ： DEBUG 
 日志内容 ： Batch acquisition of 1 triggers

**************************************************************************************************************************
 日志时间 ： 2022-05-12 10:26:30.1232 
 日志来源 ： Quartz.Core.JobRunShell 
 日志级别 ： DEBUG 
 日志内容 ： Trigger instruction : NoInstruction

**************************************************************************************************************************
 日志时间 ： 2022-05-12 10:26:40.0016 
 日志来源 ： Quartz.Core.JobRunShell 
 日志级别 ： DEBUG 
 日志内容 ： Calling Execute on job 测试.E29F2D63-B1B0-4CE6-9CDC-A5F86C52B887

**************************************************************************************************************************
 日志时间 ： 2022-05-12 10:26:40.0016 
 日志来源 ： Quartz.Core.QuartzSchedulerThread 
 日志级别 ： DEBUG 
 日志内容 ： Batch acquisition of 1 triggers

**************************************************************************************************************************
 日志时间 ： 2022-05-12 10:26:40.0388 
 日志来源 ： Quartz.Core.JobRunShell 
 日志级别 ： DEBUG 
 日志内容 ： Trigger instruction : NoInstruction

**************************************************************************************************************************
 日志时间 ： 2022-05-12 10:26:50.0004 
 日志来源 ： Quartz.Core.JobRunShell 
 日志级别 ： DEBUG 
 日志内容 ： Calling Execute on job 测试.E29F2D63-B1B0-4CE6-9CDC-A5F86C52B887

**************************************************************************************************************************
 日志时间 ： 2022-05-12 10:26:50.0004 
 日志来源 ： Quartz.Core.QuartzSchedulerThread 
 日志级别 ： DEBUG 
 日志内容 ： Batch acquisition of 1 triggers

**************************************************************************************************************************
 日志时间 ： 2022-05-12 10:26:50.0452 
 日志来源 ： Quartz.Core.JobRunShell 
 日志级别 ： DEBUG 
 日志内容 ： Trigger instruction : NoInstruction

**************************************************************************************************************************
 日志时间 ： 2022-05-12 10:27:00.0018 
 日志来源 ： Quartz.Core.QuartzSchedulerThread 
 日志级别 ： DEBUG 
 日志内容 ： Batch acquisition of 1 triggers

**************************************************************************************************************************
 日志时间 ： 2022-05-12 10:27:00.0018 
 日志来源 ： Quartz.Core.JobRunShell 
 日志级别 ： DEBUG 
 日志内容 ： Calling Execute on job 测试.E29F2D63-B1B0-4CE6-9CDC-A5F86C52B887

**************************************************************************************************************************
 日志时间 ： 2022-05-12 10:27:00.0438 
 日志来源 ： Quartz.Core.JobRunShell 
 日志级别 ： DEBUG 
 日志内容 ： Trigger instruction : NoInstruction

**************************************************************************************************************************
 日志时间 ： 2022-05-12 10:27:10.0014 
 日志来源 ： Quartz.Core.JobRunShell 
 日志级别 ： DEBUG 
 日志内容 ： Calling Execute on job 测试.E29F2D63-B1B0-4CE6-9CDC-A5F86C52B887

**************************************************************************************************************************
 日志时间 ： 2022-05-12 10:27:10.0014 
 日志来源 ： Quartz.Core.QuartzSchedulerThread 
 日志级别 ： DEBUG 
 日志内容 ： Batch acquisition of 1 triggers

**************************************************************************************************************************
 日志时间 ： 2022-05-12 10:27:10.0385 
 日志来源 ： Quartz.Core.JobRunShell 
 日志级别 ： DEBUG 
 日志内容 ： Trigger instruction : NoInstruction

**************************************************************************************************************************
 日志时间 ： 2022-05-12 10:27:20.0005 
 日志来源 ： Quartz.Core.JobRunShell 
 日志级别 ： DEBUG 
 日志内容 ： Calling Execute on job 测试.E29F2D63-B1B0-4CE6-9CDC-A5F86C52B887

**************************************************************************************************************************
 日志时间 ： 2022-05-12 10:27:20.0005 
 日志来源 ： Quartz.Core.QuartzSchedulerThread 
 日志级别 ： DEBUG 
 日志内容 ： Batch acquisition of 1 triggers

**************************************************************************************************************************
 日志时间 ： 2022-05-12 10:27:20.0387 
 日志来源 ： Quartz.Core.JobRunShell 
 日志级别 ： DEBUG 
 日志内容 ： Trigger instruction : NoInstruction

**************************************************************************************************************************
 日志时间 ： 2022-05-12 10:27:30.0009 
 日志来源 ： Quartz.Core.JobRunShell 
 日志级别 ： DEBUG 
 日志内容 ： Calling Execute on job 测试.E29F2D63-B1B0-4CE6-9CDC-A5F86C52B887

**************************************************************************************************************************
 日志时间 ： 2022-05-12 10:27:30.0009 
 日志来源 ： Quartz.Core.QuartzSchedulerThread 
 日志级别 ： DEBUG 
 日志内容 ： Batch acquisition of 1 triggers

**************************************************************************************************************************
 日志时间 ： 2022-05-12 10:27:30.0408 
 日志来源 ： Quartz.Core.JobRunShell 
 日志级别 ： DEBUG 
 日志内容 ： Trigger instruction : NoInstruction

**************************************************************************************************************************
 日志时间 ： 2022-05-12 10:27:40.0013 
 日志来源 ： Quartz.Core.JobRunShell 
 日志级别 ： DEBUG 
 日志内容 ： Calling Execute on job 测试.E29F2D63-B1B0-4CE6-9CDC-A5F86C52B887

**************************************************************************************************************************
 日志时间 ： 2022-05-12 10:27:40.0013 
 日志来源 ： Quartz.Core.QuartzSchedulerThread 
 日志级别 ： DEBUG 
 日志内容 ： Batch acquisition of 1 triggers

**************************************************************************************************************************
 日志时间 ： 2022-05-12 10:27:40.0385 
 日志来源 ： Quartz.Core.JobRunShell 
 日志级别 ： DEBUG 
 日志内容 ： Trigger instruction : NoInstruction

**************************************************************************************************************************
 日志时间 ： 2022-05-12 10:27:50.0014 
 日志来源 ： Quartz.Core.JobRunShell 
 日志级别 ： DEBUG 
 日志内容 ： Calling Execute on job 测试.E29F2D63-B1B0-4CE6-9CDC-A5F86C52B887

**************************************************************************************************************************
 日志时间 ： 2022-05-12 10:27:50.0014 
 日志来源 ： Quartz.Core.QuartzSchedulerThread 
 日志级别 ： DEBUG 
 日志内容 ： Batch acquisition of 1 triggers

**************************************************************************************************************************
 日志时间 ： 2022-05-12 10:27:50.0494 
 日志来源 ： Quartz.Core.JobRunShell 
 日志级别 ： DEBUG 
 日志内容 ： Trigger instruction : NoInstruction

**************************************************************************************************************************
 日志时间 ： 2022-05-12 10:28:00.0022 
 日志来源 ： Quartz.Core.QuartzSchedulerThread 
 日志级别 ： DEBUG 
 日志内容 ： Batch acquisition of 1 triggers

**************************************************************************************************************************
 日志时间 ： 2022-05-12 10:28:00.0022 
 日志来源 ： Quartz.Core.JobRunShell 
 日志级别 ： DEBUG 
 日志内容 ： Calling Execute on job 测试.E29F2D63-B1B0-4CE6-9CDC-A5F86C52B887

**************************************************************************************************************************
 日志时间 ： 2022-05-12 10:28:00.0391 
 日志来源 ： Quartz.Core.JobRunShell 
 日志级别 ： DEBUG 
 日志内容 ： Trigger instruction : NoInstruction

**************************************************************************************************************************
 日志时间 ： 2022-05-12 10:28:10.0013 
 日志来源 ： Quartz.Core.JobRunShell 
 日志级别 ： DEBUG 
 日志内容 ： Calling Execute on job 测试.E29F2D63-B1B0-4CE6-9CDC-A5F86C52B887

**************************************************************************************************************************
 日志时间 ： 2022-05-12 10:28:10.0013 
 日志来源 ： Quartz.Core.QuartzSchedulerThread 
 日志级别 ： DEBUG 
 日志内容 ： Batch acquisition of 1 triggers

**************************************************************************************************************************
 日志时间 ： 2022-05-12 10:28:10.0376 
 日志来源 ： Quartz.Core.JobRunShell 
 日志级别 ： DEBUG 
 日志内容 ： Trigger instruction : NoInstruction

**************************************************************************************************************************
 日志时间 ： 2022-05-12 10:28:20.0003 
 日志来源 ： Quartz.Core.QuartzSchedulerThread 
 日志级别 ： DEBUG 
 日志内容 ： Batch acquisition of 1 triggers

**************************************************************************************************************************
 日志时间 ： 2022-05-12 10:28:20.0003 
 日志来源 ： Quartz.Core.JobRunShell 
 日志级别 ： DEBUG 
 日志内容 ： Calling Execute on job 测试.E29F2D63-B1B0-4CE6-9CDC-A5F86C52B887

**************************************************************************************************************************
 日志时间 ： 2022-05-12 10:28:20.0383 
 日志来源 ： Quartz.Core.JobRunShell 
 日志级别 ： DEBUG 
 日志内容 ： Trigger instruction : NoInstruction

**************************************************************************************************************************
 日志时间 ： 2022-05-12 10:28:30.0009 
 日志来源 ： Quartz.Core.JobRunShell 
 日志级别 ： DEBUG 
 日志内容 ： Calling Execute on job 测试.E29F2D63-B1B0-4CE6-9CDC-A5F86C52B887

**************************************************************************************************************************
 日志时间 ： 2022-05-12 10:28:30.0009 
 日志来源 ： Quartz.Core.QuartzSchedulerThread 
 日志级别 ： DEBUG 
 日志内容 ： Batch acquisition of 1 triggers

**************************************************************************************************************************
 日志时间 ： 2022-05-12 10:28:30.0412 
 日志来源 ： Quartz.Core.JobRunShell 
 日志级别 ： DEBUG 
 日志内容 ： Trigger instruction : NoInstruction

**************************************************************************************************************************
 日志时间 ： 2022-05-12 10:28:40.0004 
 日志来源 ： Quartz.Core.JobRunShell 
 日志级别 ： DEBUG 
 日志内容 ： Calling Execute on job 测试.E29F2D63-B1B0-4CE6-9CDC-A5F86C52B887

**************************************************************************************************************************
 日志时间 ： 2022-05-12 10:28:40.0004 
 日志来源 ： Quartz.Core.QuartzSchedulerThread 
 日志级别 ： DEBUG 
 日志内容 ： Batch acquisition of 1 triggers

**************************************************************************************************************************
 日志时间 ： 2022-05-12 10:28:40.1051 
 日志来源 ： Quartz.Core.JobRunShell 
 日志级别 ： DEBUG 
 日志内容 ： Trigger instruction : NoInstruction

**************************************************************************************************************************
 日志时间 ： 2022-05-12 10:28:50.0009 
 日志来源 ： Quartz.Core.JobRunShell 
 日志级别 ： DEBUG 
 日志内容 ： Calling Execute on job 测试.E29F2D63-B1B0-4CE6-9CDC-A5F86C52B887

**************************************************************************************************************************
 日志时间 ： 2022-05-12 10:28:50.0009 
 日志来源 ： Quartz.Core.QuartzSchedulerThread 
 日志级别 ： DEBUG 
 日志内容 ： Batch acquisition of 1 triggers

**************************************************************************************************************************
 日志时间 ： 2022-05-12 10:28:50.0420 
 日志来源 ： Quartz.Core.JobRunShell 
 日志级别 ： DEBUG 
 日志内容 ： Trigger instruction : NoInstruction

**************************************************************************************************************************
 日志时间 ： 2022-05-12 10:29:00.0004 
 日志来源 ： Quartz.Core.JobRunShell 
 日志级别 ： DEBUG 
 日志内容 ： Calling Execute on job 测试.E29F2D63-B1B0-4CE6-9CDC-A5F86C52B887

**************************************************************************************************************************
 日志时间 ： 2022-05-12 10:29:00.0004 
 日志来源 ： Quartz.Core.QuartzSchedulerThread 
 日志级别 ： DEBUG 
 日志内容 ： Batch acquisition of 1 triggers

**************************************************************************************************************************
 日志时间 ： 2022-05-12 10:29:00.1589 
 日志来源 ： Quartz.Core.JobRunShell 
 日志级别 ： DEBUG 
 日志内容 ： Trigger instruction : NoInstruction

**************************************************************************************************************************
 日志时间 ： 2022-05-12 10:29:10.0018 
 日志来源 ： Quartz.Core.JobRunShell 
 日志级别 ： DEBUG 
 日志内容 ： Calling Execute on job 测试.E29F2D63-B1B0-4CE6-9CDC-A5F86C52B887

**************************************************************************************************************************
 日志时间 ： 2022-05-12 10:29:10.0018 
 日志来源 ： Quartz.Core.QuartzSchedulerThread 
 日志级别 ： DEBUG 
 日志内容 ： Batch acquisition of 1 triggers

**************************************************************************************************************************
 日志时间 ： 2022-05-12 10:29:10.1283 
 日志来源 ： Quartz.Core.JobRunShell 
 日志级别 ： DEBUG 
 日志内容 ： Trigger instruction : NoInstruction

**************************************************************************************************************************
 日志时间 ： 2022-05-12 10:29:20.0003 
 日志来源 ： Quartz.Core.JobRunShell 
 日志级别 ： DEBUG 
 日志内容 ： Calling Execute on job 测试.E29F2D63-B1B0-4CE6-9CDC-A5F86C52B887

**************************************************************************************************************************
 日志时间 ： 2022-05-12 10:29:20.0003 
 日志来源 ： Quartz.Core.QuartzSchedulerThread 
 日志级别 ： DEBUG 
 日志内容 ： Batch acquisition of 1 triggers

**************************************************************************************************************************
 日志时间 ： 2022-05-12 10:29:20.0373 
 日志来源 ： Quartz.Core.JobRunShell 
 日志级别 ： DEBUG 
 日志内容 ： Trigger instruction : NoInstruction

