
 
记录时间：2022-05-11 19:12:38,995 
线程ID:[12] 
日志级别：INFO  
类名：2022-05-11-19 property: [(null)] - 
详情描述：获取plc数据

 
记录时间：2022-05-11 19:12:41,527 
线程ID:[9] 
日志级别：INFO  
类名：2022-05-11-19 property: [(null)] - 
详情描述：获取plc数据

 
记录时间：2022-05-11 19:12:50,027 
线程ID:[8] 
日志级别：INFO  
类名：2022-05-11-19 property: [(null)] - 
详情描述：获取plc数据

 
记录时间：2022-05-11 19:13:00,029 
线程ID:[8] 
日志级别：INFO  
类名：2022-05-11-19 property: [(null)] - 
详情描述：获取plc数据

 
记录时间：2022-05-11 19:13:10,029 
线程ID:[9] 
日志级别：INFO  
类名：2022-05-11-19 property: [(null)] - 
详情描述：获取plc数据

 
记录时间：2022-05-11 19:13:23,957 
线程ID:[5] 
日志级别：INFO  
类名：2022-05-11-19 property: [(null)] - 
详情描述：获取plc数据

 
记录时间：2022-05-11 19:13:48,099 
线程ID:[5] 
日志级别：INFO  
类名：2022-05-11-19 property: [(null)] - 
详情描述：获取plc数据

 
记录时间：2022-05-11 19:13:51,086 
线程ID:[9] 
日志级别：INFO  
类名：2022-05-11-19 property: [(null)] - 
详情描述：获取plc数据

 
记录时间：2022-05-11 19:14:25,179 
线程ID:[8] 
日志级别：INFO  
类名：2022-05-11-19 property: [(null)] - 
详情描述：获取plc数据

 
记录时间：2022-05-11 19:14:25,197 
线程ID:[15] 
日志级别：INFO  
类名：2022-05-11-19 property: [(null)] - 
详情描述：获取plc数据

 
记录时间：2022-05-11 19:14:25,209 
线程ID:[7] 
日志级别：INFO  
类名：2022-05-11-19 property: [(null)] - 
详情描述：获取plc数据

 
记录时间：2022-05-11 19:14:30,028 
线程ID:[8] 
日志级别：INFO  
类名：2022-05-11-19 property: [(null)] - 
详情描述：获取plc数据

 
记录时间：2022-05-11 19:14:40,026 
线程ID:[15] 
日志级别：INFO  
类名：2022-05-11-19 property: [(null)] - 
详情描述：获取plc数据

 
记录时间：2022-05-11 19:14:50,027 
线程ID:[15] 
日志级别：INFO  
类名：2022-05-11-19 property: [(null)] - 
详情描述：获取plc数据
